# JRE version: Java(TM) SE Runtime Environment 18.9 (11.0.11+9) (build 11.0.11+9-LTS-194)
# Java VM: Java HotSpot(TM) 64-Bit Server VM 18.9 (11.0.11+9-LTS-194, mixed mode, tiered, compressed oops, serial gc, linux-amd64)
Heap:
 def new generation   total 55616K, used 0K [0x00000000f1800000, 0x00000000f5450000, 0x00000000f6550000)
  eden space 49472K,   0% used [0x00000000f1800000, 0x00000000f1800000, 0x00000000f4850000)
  from space 6144K,   0% used [0x00000000f4850000, 0x00000000f4850000, 0x00000000f4e50000)
  to   space 6144K,   0% used [0x00000000f4e50000, 0x00000000f4e50000, 0x00000000f5450000)
 tenured generation   total 133240K, used 118007K [0x00000000f6550000, 0x00000000fe76e000, 0x0000000100000000)
   the space 133240K,  88% used [0x00000000f6550000, 0x00000000fd88dda0, 0x00000000fd88de00, 0x00000000fe76e000)
 Metaspace       used 94939K, capacity 96583K, committed 97328K, reserved 1136640K
  class space    used 10030K, capacity 10602K, committed 10624K, reserved 1048576K
GC Heap History (10 events):
Event: 40.431 GC heap after
{Heap after GC invocations=84 (full 7):
 def new generation   total 55616K, used 6143K [0x00000000f1800000, 0x00000000f5450000, 0x00000000f6550000)
  eden space 49472K,   0% used [0x00000000f1800000, 0x00000000f1800000, 0x00000000f4850000)
  from space 6144K,  99% used [0x00000000f4e50000, 0x00000000f544fff8, 0x00000000f5450000)
  to   space 6144K,   0% used [0x00000000f4850000, 0x00000000f4850000, 0x00000000f4e50000)
 tenured generation   total 123472K, used 82913K [0x00000000f6550000, 0x00000000fdde4000, 0x0000000100000000)
   the space 123472K,  67% used [0x00000000f6550000, 0x00000000fb648728, 0x00000000fb648800, 0x00000000fdde4000)
 Metaspace       used 92189K, capacity 93705K, committed 94768K, reserved 1134592K
  class space    used 9715K, capacity 10249K, committed 10368K, reserved 1048576K
}
Event: 40.721 GC heap before
{Heap before GC invocations=84 (full 7):
 def new generation   total 55616K, used 55615K [0x00000000f1800000, 0x00000000f5450000, 0x00000000f6550000)
  eden space 49472K, 100% used [0x00000000f1800000, 0x00000000f4850000, 0x00000000f4850000)
  from space 6144K,  99% used [0x00000000f4e50000, 0x00000000f544fff8, 0x00000000f5450000)
  to   space 6144K,   0% used [0x00000000f4850000, 0x00000000f4850000, 0x00000000f4e50000)
 tenured generation   total 123472K, used 82913K [0x00000000f6550000, 0x00000000fdde4000, 0x0000000100000000)
   the space 123472K,  67% used [0x00000000f6550000, 0x00000000fb648728, 0x00000000fb648800, 0x00000000fdde4000)
 Metaspace       used 92264K, capacity 93775K, committed 94768K, reserved 1134592K
  class space    used 9720K, capacity 10250K, committed 10368K, reserved 1048576K
}
Event: 40.731 GC heap after
{Heap after GC invocations=85 (full 7):
 def new generation   total 55616K, used 2907K [0x00000000f1800000, 0x00000000f5450000, 0x00000000f6550000)
  eden space 49472K,   0% used [0x00000000f1800000, 0x00000000f1800000, 0x00000000f4850000)
  from space 6144K,  47% used [0x00000000f4850000, 0x00000000f4b26d90, 0x00000000f4e50000)
  to   space 6144K,   0% used [0x00000000f4e50000, 0x00000000f4e50000, 0x00000000f5450000)
 tenured generation   total 123472K, used 88392K [0x00000000f6550000, 0x00000000fdde4000, 0x0000000100000000)
   the space 123472K,  71% used [0x00000000f6550000, 0x00000000fbba2040, 0x00000000fbba2200, 0x00000000fdde4000)
 Metaspace       used 92264K, capacity 93775K, committed 94768K, reserved 1134592K
  class space    used 9720K, capacity 10250K, committed 10368K, reserved 1048576K
}
Event: 40.939 GC heap before
{Heap before GC invocations=85 (full 7):
 def new generation   total 55616K, used 52318K [0x00000000f1800000, 0x00000000f5450000, 0x00000000f6550000)
  eden space 49472K,  99% used [0x00000000f1800000, 0x00000000f4840c90, 0x00000000f4850000)
  from space 6144K,  47% used [0x00000000f4850000, 0x00000000f4b26d90, 0x00000000f4e50000)
  to   space 6144K,   0% used [0x00000000f4e50000, 0x00000000f4e50000, 0x00000000f5450000)
 tenured generation   total 123472K, used 88392K [0x00000000f6550000, 0x00000000fdde4000, 0x0000000100000000)
   the space 123472K,  71% used [0x00000000f6550000, 0x00000000fbba2040, 0x00000000fbba2200, 0x00000000fdde4000)
 Metaspace       used 92264K, capacity 93775K, committed 94768K, reserved 1134592K
  class space    used 9720K, capacity 10250K, committed 10368K, reserved 1048576K
}
Event: 40.942 GC heap after
{Heap after GC invocations=86 (full 7):
 def new generation   total 55616K, used 2902K [0x00000000f1800000, 0x00000000f5450000, 0x00000000f6550000)
  eden space 49472K,   0% used [0x00000000f1800000, 0x00000000f1800000, 0x00000000f4850000)
  from space 6144K,  47% used [0x00000000f4e50000, 0x00000000f5125a08, 0x00000000f5450000)
  to   space 6144K,   0% used [0x00000000f4850000, 0x00000000f4850000, 0x00000000f4e50000)
 tenured generation   total 123472K, used 88392K [0x00000000f6550000, 0x00000000fdde4000, 0x0000000100000000)
   the space 123472K,  71% used [0x00000000f6550000, 0x00000000fbba2040, 0x00000000fbba2200, 0x00000000fdde4000)
 Metaspace       used 92264K, capacity 93775K, committed 94768K, reserved 1134592K
  class space    used 9720K, capacity 10250K, committed 10368K, reserved 1048576K
}
Event: 41.244 GC heap before
{Heap before GC invocations=86 (full 7):
 def new generation   total 55616K, used 52374K [0x00000000f1800000, 0x00000000f5450000, 0x00000000f6550000)
  eden space 49472K, 100% used [0x00000000f1800000, 0x00000000f4850000, 0x00000000f4850000)
  from space 6144K,  47% used [0x00000000f4e50000, 0x00000000f5125a08, 0x00000000f5450000)
  to   space 6144K,   0% used [0x00000000f4850000, 0x00000000f4850000, 0x00000000f4e50000)
 tenured generation   total 123472K, used 88392K [0x00000000f6550000, 0x00000000fdde4000, 0x0000000100000000)
   the space 123472K,  71% used [0x00000000f6550000, 0x00000000fbba2040, 0x00000000fbba2200, 0x00000000fdde4000)
 Metaspace       used 92362K, capacity 93905K, committed 94768K, reserved 1134592K
  class space    used 9722K, capacity 10250K, committed 10368K, reserved 1048576K
}
Event: 41.252 GC heap after
{Heap after GC invocations=87 (full 7):
 def new generation   total 55616K, used 5477K [0x00000000f1800000, 0x00000000f5450000, 0x00000000f6550000)
  eden space 49472K,   0% used [0x00000000f1800000, 0x00000000f1800000, 0x00000000f4850000)
  from space 6144K,  89% used [0x00000000f4850000, 0x00000000f4da9428, 0x00000000f4e50000)
  to   space 6144K,   0% used [0x00000000f4e50000, 0x00000000f4e50000, 0x00000000f5450000)
 tenured generation   total 123472K, used 88392K [0x00000000f6550000, 0x00000000fdde4000, 0x0000000100000000)
   the space 123472K,  71% used [0x00000000f6550000, 0x00000000fbba2040, 0x00000000fbba2200, 0x00000000fdde4000)
 Metaspace       used 92362K, capacity 93905K, committed 94768K, reserved 1134592K
  class space    used 9722K, capacity 10250K, committed 10368K, reserved 1048576K
}
Event: 42.328 GC heap before
{Heap before GC invocations=87 (full 7):
 def new generation   total 55616K, used 54269K [0x00000000f1800000, 0x00000000f5450000, 0x00000000f6550000)
  eden space 49472K,  98% used [0x00000000f1800000, 0x00000000f47a62e0, 0x00000000f4850000)
  from space 6144K,  89% used [0x00000000f4850000, 0x00000000f4da9428, 0x00000000f4e50000)
  to   space 6144K,   0% used [0x00000000f4e50000, 0x00000000f4e50000, 0x00000000f5450000)
 tenured generation   total 123472K, used 88392K [0x00000000f6550000, 0x00000000fdde4000, 0x0000000100000000)
   the space 123472K,  71% used [0x00000000f6550000, 0x00000000fbba2040, 0x00000000fbba2200, 0x00000000fdde4000)
 Metaspace       used 94817K, capacity 96455K, committed 97328K, reserved 1136640K
  class space    used 10013K, capacity 10602K, committed 10624K, reserved 1048576K
}
Event: 42.345 GC heap after
{Heap after GC invocations=88 (full 7):
 def new generation   total 55616K, used 2808K [0x00000000f1800000, 0x00000000f5450000, 0x00000000f6550000)
  eden space 49472K,   0% used [0x00000000f1800000, 0x00000000f1800000, 0x00000000f4850000)
  from space 6144K,  45% used [0x00000000f4e50000, 0x00000000f510e0f8, 0x00000000f5450000)
  to   space 6144K,   0% used [0x00000000f4850000, 0x00000000f4850000, 0x00000000f4e50000)
 tenured generation   total 123472K, used 93322K [0x00000000f6550000, 0x00000000fdde4000, 0x0000000100000000)
   the space 123472K,  75% used [0x00000000f6550000, 0x00000000fc072a00, 0x00000000fc072a00, 0x00000000fdde4000)
 Metaspace       used 94817K, capacity 96455K, committed 97328K, reserved 1136640K
  class space    used 10013K, capacity 10602K, committed 10624K, reserved 1048576K
}
Event: 42.401 GC heap before
{Heap before GC invocations=88 (full 7):
 def new generation   total 55616K, used 43339K [0x00000000f1800000, 0x00000000f5450000, 0x00000000f6550000)
  eden space 49472K,  81% used [0x00000000f1800000, 0x00000000f3f94ed0, 0x00000000f4850000)
  from space 6144K,  45% used [0x00000000f4e50000, 0x00000000f510e0f8, 0x00000000f5450000)
  to   space 6144K,   0% used [0x00000000f4850000, 0x00000000f4850000, 0x00000000f4e50000)
 tenured generation   total 123472K, used 93322K [0x00000000f6550000, 0x00000000fdde4000, 0x0000000100000000)
   the space 123472K,  75% used [0x00000000f6550000, 0x00000000fc072a00, 0x00000000fc072a00, 0x00000000fdde4000)
 Metaspace       used 94939K, capacity 96583K, committed 97328K, reserved 1136640K
  class space    used 10030K, capacity 10602K, committed 10624K, reserved 1048576K
}

